<?xml version="1.0" encoding="UTF-8"?>
<coverage generated="1614726159551" clover="3.2.0">
  <project timestamp="1614726159552" name="All files">
    <metrics statements="54" coveredstatements="54" conditionals="6" coveredconditionals="5" methods="20" coveredmethods="20" elements="80" coveredelements="79" complexity="0" loc="54" ncloc="54" packages="1" files="1" classes="1"/>
    <file name="plant.js" path="C:\Users\irons\Desktop\PowerPlant\src\plant.js">
      <metrics statements="54" coveredstatements="54" conditionals="6" coveredconditionals="5" methods="20" coveredmethods="20"/>
      <line num="1" count="1" type="cond" truecount="1" falsecount="0"/>
      <line num="2" count="8" type="stmt"/>
      <line num="3" count="11" type="cond" truecount="1" falsecount="0"/>
      <line num="4" count="33" type="stmt"/>
      <line num="5" count="33" type="stmt"/>
      <line num="6" count="33" type="stmt"/>
      <line num="11" count="13" type="stmt"/>
      <line num="12" count="2" type="stmt"/>
      <line num="14" count="7" type="stmt"/>
      <line num="16" count="2" type="stmt"/>
      <line num="18" count="7" type="stmt"/>
      <line num="19" count="2" type="stmt"/>
      <line num="22" count="1" type="stmt"/>
      <line num="23" count="11" type="stmt"/>
      <line num="24" count="22" type="stmt"/>
      <line num="25" count="22" type="cond" truecount="2" falsecount="0"/>
      <line num="26" count="22" type="stmt"/>
      <line num="30" count="1" type="stmt"/>
      <line num="31" count="1" type="stmt"/>
      <line num="33" count="1" type="stmt"/>
      <line num="34" count="1" type="stmt"/>
      <line num="36" count="1" type="stmt"/>
      <line num="37" count="1" type="stmt"/>
      <line num="40" count="1" type="stmt"/>
      <line num="41" count="4" type="stmt"/>
      <line num="42" count="11" type="stmt"/>
      <line num="44" count="2" type="cond" truecount="1" falsecount="1"/>
      <line num="45" count="2" type="stmt"/>
      <line num="46" count="2" type="stmt"/>
      <line num="50" count="11" type="stmt"/>
      <line num="54" count="1" type="stmt"/>
      <line num="55" count="1" type="stmt"/>
      <line num="57" count="1" type="stmt"/>
      <line num="58" count="1" type="stmt"/>
      <line num="61" count="1" type="stmt"/>
      <line num="62" count="1" type="stmt"/>
      <line num="63" count="1" type="stmt"/>
      <line num="64" count="1" type="stmt"/>
      <line num="65" count="1" type="stmt"/>
      <line num="72" count="3" type="stmt"/>
      <line num="73" count="3" type="stmt"/>
      <line num="74" count="3" type="stmt"/>
      <line num="76" count="3" type="stmt"/>
      <line num="80" count="2" type="stmt"/>
      <line num="81" count="2" type="stmt"/>
      <line num="82" count="2" type="stmt"/>
      <line num="84" count="2" type="stmt"/>
      <line num="89" count="1" type="stmt"/>
      <line num="90" count="1" type="stmt"/>
      <line num="91" count="1" type="stmt"/>
      <line num="92" count="1" type="stmt"/>
      <line num="96" count="6" type="stmt"/>
      <line num="97" count="6" type="stmt"/>
      <line num="98" count="6" type="stmt"/>
    </file>
  </project>
</coverage>
