{"C:\\Users\\irons\\Desktop\\PowerPlant\\src\\plant.js": {"path":"C:\\Users\\irons\\Desktop\\PowerPlant\\src\\plant.js","statementMap":{"0":{"start":{"line":1,"column":26},"end":{"line":8,"column":1}},"1":{"start":{"line":2,"column":21},"end":{"line":2,"column":33}},"2":{"start":{"line":3,"column":2},"end":{"line":7,"column":4}},"3":{"start":{"line":3,"column":42},"end":{"line":3,"column":47}},"4":{"start":{"line":4,"column":21},"end":{"line":4,"column":54}},"5":{"start":{"line":5,"column":4},"end":{"line":5,"column":35}},"6":{"start":{"line":6,"column":4},"end":{"line":6,"column":20}},"7":{"start":{"line":11,"column":30},"end":{"line":11,"column":38}},"8":{"start":{"line":11,"column":37},"end":{"line":11,"column":38}},"9":{"start":{"line":12,"column":38},"end":{"line":12,"column":79}},"10":{"start":{"line":12,"column":45},"end":{"line":12,"column":79}},"11":{"start":{"line":14,"column":31},"end":{"line":14,"column":46}},"12":{"start":{"line":14,"column":41},"end":{"line":14,"column":46}},"13":{"start":{"line":16,"column":29},"end":{"line":16,"column":44}},"14":{"start":{"line":16,"column":39},"end":{"line":16,"column":44}},"15":{"start":{"line":18,"column":40},"end":{"line":18,"column":75}},"16":{"start":{"line":18,"column":47},"end":{"line":18,"column":75}},"17":{"start":{"line":19,"column":38},"end":{"line":19,"column":78}},"18":{"start":{"line":19,"column":45},"end":{"line":19,"column":78}},"19":{"start":{"line":22,"column":46},"end":{"line":28,"column":1}},"20":{"start":{"line":23,"column":2},"end":{"line":27,"column":4}},"21":{"start":{"line":24,"column":19},"end":{"line":24,"column":29}},"22":{"start":{"line":25,"column":4},"end":{"line":25,"column":61}},"23":{"start":{"line":26,"column":4},"end":{"line":26,"column":20}},"24":{"start":{"line":30,"column":34},"end":{"line":30,"column":109}},"25":{"start":{"line":31,"column":31},"end":{"line":31,"column":104}},"26":{"start":{"line":32,"column":32},"end":{"line":32,"column":106}},"27":{"start":{"line":34,"column":19},"end":{"line":34,"column":91}},"28":{"start":{"line":35,"column":18},"end":{"line":35,"column":90}},"29":{"start":{"line":37,"column":13},"end":{"line":37,"column":79}},"30":{"start":{"line":38,"column":24},"end":{"line":38,"column":90}},"31":{"start":{"line":40,"column":23},"end":{"line":40,"column":90}},"32":{"start":{"line":41,"column":26},"end":{"line":41,"column":93}},"33":{"start":{"line":44,"column":14},"end":{"line":55,"column":1}},"34":{"start":{"line":45,"column":2},"end":{"line":54,"column":4}},"35":{"start":{"line":46,"column":16},"end":{"line":52,"column":5}},"36":{"start":{"line":48,"column":23},"end":{"line":48,"column":76}},"37":{"start":{"line":49,"column":8},"end":{"line":49,"column":50}},"38":{"start":{"line":50,"column":8},"end":{"line":50,"column":55}},"39":{"start":{"line":53,"column":4},"end":{"line":53,"column":15}},"40":{"start":{"line":57,"column":18},"end":{"line":57,"column":34}},"41":{"start":{"line":58,"column":23},"end":{"line":58,"column":40}},"42":{"start":{"line":60,"column":19},"end":{"line":60,"column":36}},"43":{"start":{"line":61,"column":24},"end":{"line":61,"column":42}},"44":{"start":{"line":65,"column":12},"end":{"line":65,"column":50}},"45":{"start":{"line":66,"column":14},"end":{"line":66,"column":29}},"46":{"start":{"line":67,"column":2},"end":{"line":67,"column":28}},"47":{"start":{"line":68,"column":2},"end":{"line":68,"column":26}},"48":{"start":{"line":69,"column":2},"end":{"line":69,"column":25}},"49":{"start":{"line":70,"column":2},"end":{"line":70,"column":15}},"50":{"start":{"line":74,"column":12},"end":{"line":74,"column":51}},"51":{"start":{"line":75,"column":14},"end":{"line":75,"column":29}},"52":{"start":{"line":76,"column":2},"end":{"line":76,"column":28}},"53":{"start":{"line":77,"column":2},"end":{"line":77,"column":26}},"54":{"start":{"line":78,"column":2},"end":{"line":78,"column":25}},"55":{"start":{"line":79,"column":2},"end":{"line":79,"column":15}}},"fnMap":{"0":{"name":"(anonymous_0)","decl":{"start":{"line":1,"column":26},"end":{"line":1,"column":27}},"loc":{"start":{"line":1,"column":49},"end":{"line":8,"column":1}},"line":1},"1":{"name":"(anonymous_1)","decl":{"start":{"line":3,"column":9},"end":{"line":3,"column":10}},"loc":{"start":{"line":3,"column":53},"end":{"line":7,"column":3}},"line":3},"2":{"name":"(anonymous_2)","decl":{"start":{"line":3,"column":33},"end":{"line":3,"column":34}},"loc":{"start":{"line":3,"column":42},"end":{"line":3,"column":47}},"line":3},"3":{"name":"(anonymous_3)","decl":{"start":{"line":11,"column":30},"end":{"line":11,"column":31}},"loc":{"start":{"line":11,"column":37},"end":{"line":11,"column":38}},"line":11},"4":{"name":"(anonymous_4)","decl":{"start":{"line":12,"column":38},"end":{"line":12,"column":39}},"loc":{"start":{"line":12,"column":45},"end":{"line":12,"column":79}},"line":12},"5":{"name":"(anonymous_5)","decl":{"start":{"line":14,"column":31},"end":{"line":14,"column":32}},"loc":{"start":{"line":14,"column":41},"end":{"line":14,"column":46}},"line":14},"6":{"name":"(anonymous_6)","decl":{"start":{"line":16,"column":29},"end":{"line":16,"column":30}},"loc":{"start":{"line":16,"column":39},"end":{"line":16,"column":44}},"line":16},"7":{"name":"(anonymous_7)","decl":{"start":{"line":18,"column":40},"end":{"line":18,"column":41}},"loc":{"start":{"line":18,"column":47},"end":{"line":18,"column":75}},"line":18},"8":{"name":"(anonymous_8)","decl":{"start":{"line":19,"column":38},"end":{"line":19,"column":39}},"loc":{"start":{"line":19,"column":45},"end":{"line":19,"column":78}},"line":19},"9":{"name":"(anonymous_9)","decl":{"start":{"line":22,"column":46},"end":{"line":22,"column":47}},"loc":{"start":{"line":22,"column":77},"end":{"line":28,"column":1}},"line":22},"10":{"name":"(anonymous_10)","decl":{"start":{"line":23,"column":9},"end":{"line":23,"column":10}},"loc":{"start":{"line":23,"column":20},"end":{"line":27,"column":3}},"line":23},"11":{"name":"(anonymous_11)","decl":{"start":{"line":44,"column":14},"end":{"line":44,"column":15}},"loc":{"start":{"line":44,"column":35},"end":{"line":55,"column":1}},"line":44},"12":{"name":"(anonymous_12)","decl":{"start":{"line":45,"column":9},"end":{"line":45,"column":10}},"loc":{"start":{"line":45,"column":21},"end":{"line":54,"column":3}},"line":45},"13":{"name":"(anonymous_13)","decl":{"start":{"line":47,"column":13},"end":{"line":47,"column":14}},"loc":{"start":{"line":47,"column":31},"end":{"line":51,"column":7}},"line":47},"14":{"name":"CreatePlantType1","decl":{"start":{"line":63,"column":16},"end":{"line":63,"column":32}},"loc":{"start":{"line":63,"column":35},"end":{"line":71,"column":1}},"line":63},"15":{"name":"CreatePlantType2","decl":{"start":{"line":73,"column":16},"end":{"line":73,"column":32}},"loc":{"start":{"line":73,"column":35},"end":{"line":80,"column":1}},"line":73}},"branchMap":{"0":{"loc":{"start":{"line":1,"column":27},"end":{"line":1,"column":44}},"type":"default-arg","locations":[{"start":{"line":1,"column":42},"end":{"line":1,"column":44}}],"line":1},"1":{"loc":{"start":{"line":3,"column":10},"end":{"line":3,"column":48}},"type":"default-arg","locations":[{"start":{"line":3,"column":33},"end":{"line":3,"column":47}}],"line":3},"2":{"loc":{"start":{"line":25,"column":42},"end":{"line":25,"column":58}},"type":"binary-expr","locations":[{"start":{"line":25,"column":42},"end":{"line":25,"column":53}},{"start":{"line":25,"column":57},"end":{"line":25,"column":58}}],"line":25},"3":{"loc":{"start":{"line":48,"column":23},"end":{"line":48,"column":76}},"type":"cond-expr","locations":[{"start":{"line":48,"column":52},"end":{"line":48,"column":68}},{"start":{"line":48,"column":71},"end":{"line":48,"column":76}}],"line":48}},"s":{"0":1,"1":3,"2":3,"3":3,"4":10,"5":10,"6":10,"7":1,"8":4,"9":1,"10":3,"11":1,"12":4,"13":1,"14":0,"15":1,"16":5,"17":1,"18":2,"19":1,"20":10,"21":8,"22":8,"23":8,"24":1,"25":1,"26":1,"27":1,"28":1,"29":1,"30":1,"31":1,"32":1,"33":1,"34":4,"35":2,"36":0,"37":0,"38":0,"39":2,"40":1,"41":1,"42":1,"43":1,"44":1,"45":1,"46":1,"47":1,"48":1,"49":1,"50":0,"51":0,"52":0,"53":0,"54":0,"55":0},"f":{"0":3,"1":10,"2":3,"3":4,"4":3,"5":4,"6":0,"7":5,"8":2,"9":10,"10":8,"11":4,"12":2,"13":0,"14":1,"15":0},"b":{"0":[2],"1":[3],"2":[8,7],"3":[0,0]},"_coverageSchema":"43e27e138ebf9cfc5966b082cf9a028302ed4184","hash":"c07e8e510fd8aee643fce18fdb7e1954d2b57b2e"}
}
