{"C:\\Users\\irons\\Desktop\\PowerPlant\\src\\plant.js": {"path":"C:\\Users\\irons\\Desktop\\PowerPlant\\src\\plant.js","statementMap":{"0":{"start":{"line":1,"column":26},"end":{"line":8,"column":1}},"1":{"start":{"line":2,"column":21},"end":{"line":2,"column":33}},"2":{"start":{"line":3,"column":2},"end":{"line":7,"column":4}},"3":{"start":{"line":3,"column":42},"end":{"line":3,"column":47}},"4":{"start":{"line":4,"column":21},"end":{"line":4,"column":54}},"5":{"start":{"line":5,"column":4},"end":{"line":5,"column":35}},"6":{"start":{"line":6,"column":4},"end":{"line":6,"column":20}},"7":{"start":{"line":11,"column":30},"end":{"line":11,"column":38}},"8":{"start":{"line":11,"column":37},"end":{"line":11,"column":38}},"9":{"start":{"line":12,"column":38},"end":{"line":12,"column":79}},"10":{"start":{"line":12,"column":45},"end":{"line":12,"column":79}},"11":{"start":{"line":14,"column":31},"end":{"line":14,"column":46}},"12":{"start":{"line":14,"column":41},"end":{"line":14,"column":46}},"13":{"start":{"line":16,"column":29},"end":{"line":16,"column":44}},"14":{"start":{"line":16,"column":39},"end":{"line":16,"column":44}},"15":{"start":{"line":18,"column":40},"end":{"line":18,"column":75}},"16":{"start":{"line":18,"column":47},"end":{"line":18,"column":75}},"17":{"start":{"line":19,"column":38},"end":{"line":19,"column":78}},"18":{"start":{"line":19,"column":45},"end":{"line":19,"column":78}},"19":{"start":{"line":22,"column":46},"end":{"line":28,"column":1}},"20":{"start":{"line":23,"column":2},"end":{"line":27,"column":4}},"21":{"start":{"line":24,"column":19},"end":{"line":24,"column":29}},"22":{"start":{"line":25,"column":4},"end":{"line":25,"column":61}},"23":{"start":{"line":26,"column":4},"end":{"line":26,"column":20}},"24":{"start":{"line":30,"column":31},"end":{"line":30,"column":104}},"25":{"start":{"line":31,"column":32},"end":{"line":31,"column":106}},"26":{"start":{"line":33,"column":13},"end":{"line":33,"column":79}},"27":{"start":{"line":34,"column":24},"end":{"line":34,"column":90}},"28":{"start":{"line":36,"column":23},"end":{"line":36,"column":90}},"29":{"start":{"line":37,"column":26},"end":{"line":37,"column":93}},"30":{"start":{"line":40,"column":14},"end":{"line":52,"column":1}},"31":{"start":{"line":41,"column":2},"end":{"line":51,"column":4}},"32":{"start":{"line":42,"column":16},"end":{"line":49,"column":5}},"33":{"start":{"line":44,"column":23},"end":{"line":44,"column":80}},"34":{"start":{"line":45,"column":8},"end":{"line":45,"column":93}},"35":{"start":{"line":46,"column":8},"end":{"line":46,"column":97}},"36":{"start":{"line":50,"column":4},"end":{"line":50,"column":15}},"37":{"start":{"line":54,"column":18},"end":{"line":54,"column":46}},"38":{"start":{"line":55,"column":23},"end":{"line":55,"column":57}},"39":{"start":{"line":57,"column":19},"end":{"line":57,"column":49}},"40":{"start":{"line":58,"column":24},"end":{"line":58,"column":60}},"41":{"start":{"line":61,"column":35},"end":{"line":67,"column":1}},"42":{"start":{"line":62,"column":2},"end":{"line":66,"column":4}},"43":{"start":{"line":63,"column":19},"end":{"line":63,"column":29}},"44":{"start":{"line":64,"column":4},"end":{"line":64,"column":33}},"45":{"start":{"line":65,"column":4},"end":{"line":65,"column":20}},"46":{"start":{"line":72,"column":12},"end":{"line":72,"column":50}},"47":{"start":{"line":73,"column":14},"end":{"line":73,"column":29}},"48":{"start":{"line":74,"column":2},"end":{"line":74,"column":33}},"49":{"start":{"line":76,"column":2},"end":{"line":76,"column":15}},"50":{"start":{"line":80,"column":12},"end":{"line":80,"column":51}},"51":{"start":{"line":81,"column":14},"end":{"line":81,"column":29}},"52":{"start":{"line":82,"column":2},"end":{"line":82,"column":33}},"53":{"start":{"line":84,"column":2},"end":{"line":84,"column":15}},"54":{"start":{"line":89,"column":14},"end":{"line":89,"column":26}},"55":{"start":{"line":90,"column":2},"end":{"line":90,"column":33}},"56":{"start":{"line":91,"column":2},"end":{"line":91,"column":67}},"57":{"start":{"line":92,"column":2},"end":{"line":92,"column":15}},"58":{"start":{"line":96,"column":2},"end":{"line":96,"column":26}},"59":{"start":{"line":97,"column":2},"end":{"line":97,"column":25}},"60":{"start":{"line":98,"column":2},"end":{"line":98,"column":15}}},"fnMap":{"0":{"name":"(anonymous_0)","decl":{"start":{"line":1,"column":26},"end":{"line":1,"column":27}},"loc":{"start":{"line":1,"column":49},"end":{"line":8,"column":1}},"line":1},"1":{"name":"(anonymous_1)","decl":{"start":{"line":3,"column":9},"end":{"line":3,"column":10}},"loc":{"start":{"line":3,"column":53},"end":{"line":7,"column":3}},"line":3},"2":{"name":"(anonymous_2)","decl":{"start":{"line":3,"column":33},"end":{"line":3,"column":34}},"loc":{"start":{"line":3,"column":42},"end":{"line":3,"column":47}},"line":3},"3":{"name":"(anonymous_3)","decl":{"start":{"line":11,"column":30},"end":{"line":11,"column":31}},"loc":{"start":{"line":11,"column":37},"end":{"line":11,"column":38}},"line":11},"4":{"name":"(anonymous_4)","decl":{"start":{"line":12,"column":38},"end":{"line":12,"column":39}},"loc":{"start":{"line":12,"column":45},"end":{"line":12,"column":79}},"line":12},"5":{"name":"(anonymous_5)","decl":{"start":{"line":14,"column":31},"end":{"line":14,"column":32}},"loc":{"start":{"line":14,"column":41},"end":{"line":14,"column":46}},"line":14},"6":{"name":"(anonymous_6)","decl":{"start":{"line":16,"column":29},"end":{"line":16,"column":30}},"loc":{"start":{"line":16,"column":39},"end":{"line":16,"column":44}},"line":16},"7":{"name":"(anonymous_7)","decl":{"start":{"line":18,"column":40},"end":{"line":18,"column":41}},"loc":{"start":{"line":18,"column":47},"end":{"line":18,"column":75}},"line":18},"8":{"name":"(anonymous_8)","decl":{"start":{"line":19,"column":38},"end":{"line":19,"column":39}},"loc":{"start":{"line":19,"column":45},"end":{"line":19,"column":78}},"line":19},"9":{"name":"(anonymous_9)","decl":{"start":{"line":22,"column":46},"end":{"line":22,"column":47}},"loc":{"start":{"line":22,"column":77},"end":{"line":28,"column":1}},"line":22},"10":{"name":"(anonymous_10)","decl":{"start":{"line":23,"column":9},"end":{"line":23,"column":10}},"loc":{"start":{"line":23,"column":20},"end":{"line":27,"column":3}},"line":23},"11":{"name":"(anonymous_11)","decl":{"start":{"line":40,"column":14},"end":{"line":40,"column":15}},"loc":{"start":{"line":40,"column":41},"end":{"line":52,"column":1}},"line":40},"12":{"name":"(anonymous_12)","decl":{"start":{"line":41,"column":9},"end":{"line":41,"column":10}},"loc":{"start":{"line":41,"column":21},"end":{"line":51,"column":3}},"line":41},"13":{"name":"(anonymous_13)","decl":{"start":{"line":43,"column":14},"end":{"line":43,"column":15}},"loc":{"start":{"line":43,"column":40},"end":{"line":48,"column":7}},"line":43},"14":{"name":"(anonymous_14)","decl":{"start":{"line":61,"column":35},"end":{"line":61,"column":36}},"loc":{"start":{"line":61,"column":58},"end":{"line":67,"column":1}},"line":61},"15":{"name":"(anonymous_15)","decl":{"start":{"line":62,"column":9},"end":{"line":62,"column":10}},"loc":{"start":{"line":62,"column":20},"end":{"line":66,"column":3}},"line":62},"16":{"name":"CreatePlantType1","decl":{"start":{"line":70,"column":16},"end":{"line":70,"column":32}},"loc":{"start":{"line":70,"column":35},"end":{"line":77,"column":1}},"line":70},"17":{"name":"CreatePlantType2","decl":{"start":{"line":79,"column":16},"end":{"line":79,"column":32}},"loc":{"start":{"line":79,"column":35},"end":{"line":85,"column":1}},"line":79},"18":{"name":"CreatePlantType3","decl":{"start":{"line":87,"column":16},"end":{"line":87,"column":32}},"loc":{"start":{"line":88,"column":0},"end":{"line":93,"column":1}},"line":88},"19":{"name":"initializePlant","decl":{"start":{"line":95,"column":9},"end":{"line":95,"column":24}},"loc":{"start":{"line":95,"column":31},"end":{"line":99,"column":1}},"line":95}},"branchMap":{"0":{"loc":{"start":{"line":1,"column":27},"end":{"line":1,"column":44}},"type":"default-arg","locations":[{"start":{"line":1,"column":42},"end":{"line":1,"column":44}}],"line":1},"1":{"loc":{"start":{"line":3,"column":10},"end":{"line":3,"column":48}},"type":"default-arg","locations":[{"start":{"line":3,"column":33},"end":{"line":3,"column":47}}],"line":3},"2":{"loc":{"start":{"line":25,"column":42},"end":{"line":25,"column":58}},"type":"binary-expr","locations":[{"start":{"line":25,"column":42},"end":{"line":25,"column":53}},{"start":{"line":25,"column":57},"end":{"line":25,"column":58}}],"line":25},"3":{"loc":{"start":{"line":44,"column":23},"end":{"line":44,"column":80}},"type":"cond-expr","locations":[{"start":{"line":44,"column":54},"end":{"line":44,"column":72}},{"start":{"line":44,"column":75},"end":{"line":44,"column":80}}],"line":44}},"s":{"0":1,"1":8,"2":8,"3":11,"4":33,"5":33,"6":33,"7":1,"8":13,"9":1,"10":2,"11":1,"12":7,"13":1,"14":2,"15":1,"16":7,"17":1,"18":2,"19":1,"20":11,"21":22,"22":22,"23":22,"24":1,"25":1,"26":1,"27":1,"28":1,"29":1,"30":1,"31":4,"32":11,"33":2,"34":2,"35":2,"36":11,"37":1,"38":1,"39":1,"40":1,"41":1,"42":1,"43":1,"44":1,"45":1,"46":3,"47":3,"48":3,"49":3,"50":2,"51":2,"52":2,"53":2,"54":1,"55":1,"56":1,"57":1,"58":6,"59":6,"60":6},"f":{"0":8,"1":33,"2":11,"3":13,"4":2,"5":7,"6":2,"7":7,"8":2,"9":11,"10":22,"11":4,"12":11,"13":2,"14":1,"15":1,"16":3,"17":2,"18":1,"19":6},"b":{"0":[3],"1":[11],"2":[22,16],"3":[0,2]},"_coverageSchema":"43e27e138ebf9cfc5966b082cf9a028302ed4184","hash":"afc97cc032979d9e7c26175386016b97d8341e17"}
}
