TN:
SF:C:\Users\irons\Desktop\PowerPlant\src\plant.js
FN:1,(anonymous_0)
FN:3,(anonymous_1)
FN:3,(anonymous_2)
FN:11,(anonymous_3)
FN:12,(anonymous_4)
FN:14,(anonymous_5)
FN:16,(anonymous_6)
FN:18,(anonymous_7)
FN:19,(anonymous_8)
FN:22,(anonymous_9)
FN:23,(anonymous_10)
FN:44,(anonymous_11)
FN:45,(anonymous_12)
FN:47,(anonymous_13)
FN:63,CreatePlantType1
FN:73,CreatePlantType2
FNF:16
FNH:13
FNDA:3,(anonymous_0)
FNDA:10,(anonymous_1)
FNDA:3,(anonymous_2)
FNDA:4,(anonymous_3)
FNDA:3,(anonymous_4)
FNDA:4,(anonymous_5)
FNDA:0,(anonymous_6)
FNDA:5,(anonymous_7)
FNDA:2,(anonymous_8)
FNDA:10,(anonymous_9)
FNDA:8,(anonymous_10)
FNDA:4,(anonymous_11)
FNDA:2,(anonymous_12)
FNDA:0,(anonymous_13)
FNDA:1,CreatePlantType1
FNDA:0,CreatePlantType2
DA:1,1
DA:2,3
DA:3,3
DA:4,10
DA:5,10
DA:6,10
DA:11,4
DA:12,3
DA:14,4
DA:16,1
DA:18,5
DA:19,2
DA:22,1
DA:23,10
DA:24,8
DA:25,8
DA:26,8
DA:30,1
DA:31,1
DA:32,1
DA:34,1
DA:35,1
DA:37,1
DA:38,1
DA:40,1
DA:41,1
DA:44,1
DA:45,4
DA:46,2
DA:48,0
DA:49,0
DA:50,0
DA:53,2
DA:57,1
DA:58,1
DA:60,1
DA:61,1
DA:65,1
DA:66,1
DA:67,1
DA:68,1
DA:69,1
DA:70,1
DA:74,0
DA:75,0
DA:76,0
DA:77,0
DA:78,0
DA:79,0
LF:49
LH:40
BRDA:1,0,0,2
BRDA:3,1,0,3
BRDA:25,2,0,8
BRDA:25,2,1,7
BRDA:48,3,0,0
BRDA:48,3,1,0
BRF:6
BRH:4
end_of_record
