TN:
SF:C:\Users\irons\Desktop\PowerPlant\src\plant.js
FN:1,(anonymous_0)
FN:3,(anonymous_1)
FN:3,(anonymous_2)
FN:11,(anonymous_3)
FN:12,(anonymous_4)
FN:14,(anonymous_5)
FN:16,(anonymous_6)
FN:18,(anonymous_7)
FN:19,(anonymous_8)
FN:22,(anonymous_9)
FN:23,(anonymous_10)
FN:40,(anonymous_11)
FN:41,(anonymous_12)
FN:43,(anonymous_13)
FN:61,(anonymous_14)
FN:62,(anonymous_15)
FN:70,CreatePlantType1
FN:79,CreatePlantType2
FN:87,CreatePlantType3
FN:95,initializePlant
FNF:20
FNH:20
FNDA:8,(anonymous_0)
FNDA:33,(anonymous_1)
FNDA:11,(anonymous_2)
FNDA:13,(anonymous_3)
FNDA:2,(anonymous_4)
FNDA:7,(anonymous_5)
FNDA:2,(anonymous_6)
FNDA:7,(anonymous_7)
FNDA:2,(anonymous_8)
FNDA:11,(anonymous_9)
FNDA:22,(anonymous_10)
FNDA:4,(anonymous_11)
FNDA:11,(anonymous_12)
FNDA:2,(anonymous_13)
FNDA:1,(anonymous_14)
FNDA:1,(anonymous_15)
FNDA:3,CreatePlantType1
FNDA:2,CreatePlantType2
FNDA:1,CreatePlantType3
FNDA:6,initializePlant
DA:1,1
DA:2,8
DA:3,11
DA:4,33
DA:5,33
DA:6,33
DA:11,13
DA:12,2
DA:14,7
DA:16,2
DA:18,7
DA:19,2
DA:22,1
DA:23,11
DA:24,22
DA:25,22
DA:26,22
DA:30,1
DA:31,1
DA:33,1
DA:34,1
DA:36,1
DA:37,1
DA:40,1
DA:41,4
DA:42,11
DA:44,2
DA:45,2
DA:46,2
DA:50,11
DA:54,1
DA:55,1
DA:57,1
DA:58,1
DA:61,1
DA:62,1
DA:63,1
DA:64,1
DA:65,1
DA:72,3
DA:73,3
DA:74,3
DA:76,3
DA:80,2
DA:81,2
DA:82,2
DA:84,2
DA:89,1
DA:90,1
DA:91,1
DA:92,1
DA:96,6
DA:97,6
DA:98,6
LF:54
LH:54
BRDA:1,0,0,3
BRDA:3,1,0,11
BRDA:25,2,0,22
BRDA:25,2,1,16
BRDA:44,3,0,0
BRDA:44,3,1,2
BRF:6
BRH:5
end_of_record
